<?xml version="1.0" encoding="UTF-8"?>
<testsuite xmlns:xsi="http://www.w3.org/2001/XMLSchema-instance" xsi:noNamespaceSchemaLocation="https://maven.apache.org/surefire/maven-surefire-plugin/xsd/surefire-test-report-3.0.xsd" version="3.0" name="TestSuite" time="241.016" tests="11" errors="0" skipped="0" failures="4">
  <properties>
[...]
</properties>
  <testcase name="TC_ValidateHomePage[public void in.amazon.nagpselenium.TestCases.Verify_Amazon_CommonFunctionalities.TC_ValidateHomePage(java.lang.reflect.Method) throws java.io.IOException](1)" classname="in.amazon.nagpselenium.TestCases.Verify_Amazon_CommonFunctionalities" time="0.108">
    <failure message="no such element: Unable to locate element: {&quot;method&quot;:&quot;css selector&quot;,&quot;selector&quot;:&quot;#nav\-logo\-sprites&quot;}&#10;  (Session info: chrome=102.0.5005.115)&#10;For documentation on this error, please visit: https://selenium.dev/exceptions/#no_such_element&#10;Build info: version: &apos;4.1.4&apos;, revision: &apos;535d840ee2&apos;&#10;System info: host: &apos;SAROJCHANDRA-01&apos;, ip: &apos;172.20.10.2&apos;, os.name: &apos;Windows 10&apos;, os.arch: &apos;amd64&apos;, os.version: &apos;10.0&apos;, java.version: &apos;1.8.0_281&apos;&#10;Driver info: org.openqa.selenium.chrome.ChromeDriver&#10;Command: [3402c080eb50e74da4106494c6f67475, findElement {using=id, value=nav-logo-sprites}]&#10;Capabilities {acceptInsecureCerts: false, browserName: chrome, browserVersion: 102.0.5005.115, chrome: {chromedriverVersion: 102.0.5005.61 (0e59bcc00cc4..., userDataDir: C:\Users\SAROJC~1\AppData\L...}, goog:chromeOptions: {debuggerAddress: localhost:54238}, javascriptEnabled: true, networkConnectionEnabled: false, pageLoadStrategy: normal, platform: WINDOWS, platformName: WINDOWS, proxy: Proxy(), se:cdp: ws://localhost:54238/devtoo..., se:cdpVersion: 102.0.5005.115, setWindowRect: true, strictFileInteractability: false, timeouts: {implicit: 0, pageLoad: 300000, script: 30000}, unhandledPromptBehavior: dismiss and notify, webauthn:extension:credBlob: true, webauthn:extension:largeBlob: true, webauthn:virtualAuthenticators: true}&#10;Session ID: 3402c080eb50e74da4106494c6f67475" type="org.openqa.selenium.NoSuchElementException"><![CDATA[org.openqa.selenium.NoSuchElementException: 
no such element: Unable to locate element: {"method":"css selector","selector":"#nav\-logo\-sprites"}
  (Session info: chrome=102.0.5005.115)
For documentation on this error, please visit: https://selenium.dev/exceptions/#no_such_element
Build info: version: '4.1.4', revision: '535d840ee2'
System info: host: 'SAROJCHANDRA-01', ip: '172.20.10.2', os.name: 'Windows 10', os.arch: 'amd64', os.version: '10.0', java.version: '1.8.0_281'
Driver info: org.openqa.selenium.chrome.ChromeDriver
Command: [3402c080eb50e74da4106494c6f67475, findElement {using=id, value=nav-logo-sprites}]
Capabilities {acceptInsecureCerts: false, browserName: chrome, browserVersion: 102.0.5005.115, chrome: {chromedriverVersion: 102.0.5005.61 (0e59bcc00cc4..., userDataDir: C:\Users\SAROJC~1\AppData\L...}, goog:chromeOptions: {debuggerAddress: localhost:54238}, javascriptEnabled: true, networkConnectionEnabled: false, pageLoadStrategy: normal, platform: WINDOWS, platformName: WINDOWS, proxy: Proxy(), se:cdp: ws://localhost:54238/devtoo..., se:cdpVersion: 102.0.5005.115, setWindowRect: true, strictFileInteractability: false, timeouts: {implicit: 0, pageLoad: 300000, script: 30000}, unhandledPromptBehavior: dismiss and notify, webauthn:extension:credBlob: true, webauthn:extension:largeBlob: true, webauthn:virtualAuthenticators: true}
Session ID: 3402c080eb50e74da4106494c6f67475
	at sun.reflect.NativeConstructorAccessorImpl.newInstance0(Native Method)
	at sun.reflect.NativeConstructorAccessorImpl.newInstance(NativeConstructorAccessorImpl.java:62)
	at sun.reflect.DelegatingConstructorAccessorImpl.newInstance(DelegatingConstructorAccessorImpl.java:45)
	at java.lang.reflect.Constructor.newInstance(Constructor.java:423)
	at org.openqa.selenium.remote.codec.w3c.W3CHttpResponseCodec.createException(W3CHttpResponseCodec.java:200)
	at org.openqa.selenium.remote.codec.w3c.W3CHttpResponseCodec.decode(W3CHttpResponseCodec.java:133)
	at org.openqa.selenium.remote.codec.w3c.W3CHttpResponseCodec.decode(W3CHttpResponseCodec.java:53)
	at org.openqa.selenium.remote.HttpCommandExecutor.execute(HttpCommandExecutor.java:184)
	at org.openqa.selenium.remote.service.DriverCommandExecutor.invokeExecute(DriverCommandExecutor.java:167)
	at org.openqa.selenium.remote.service.DriverCommandExecutor.execute(DriverCommandExecutor.java:142)
	at org.openqa.selenium.remote.RemoteWebDriver.execute(RemoteWebDriver.java:567)
	at org.openqa.selenium.remote.ElementLocation$ElementFinder$2.findElement(ElementLocation.java:162)
	at org.openqa.selenium.remote.ElementLocation.findElement(ElementLocation.java:66)
	at org.openqa.selenium.remote.RemoteWebDriver.findElement(RemoteWebDriver.java:385)
	at org.openqa.selenium.remote.RemoteWebDriver.findElement(RemoteWebDriver.java:377)
	at org.openqa.selenium.support.pagefactory.DefaultElementLocator.findElement(DefaultElementLocator.java:70)
	at org.openqa.selenium.support.pagefactory.internal.LocatingElementHandler.invoke(LocatingElementHandler.java:39)
	at com.sun.proxy.$Proxy32.isDisplayed(Unknown Source)
	at in.amazon.nagpselenium.pages.homePage.verifyLogo(homePage.java:43)
	at in.amazon.nagpselenium.TestCases.Verify_Amazon_CommonFunctionalities.TC_ValidateHomePage(Verify_Amazon_CommonFunctionalities.java:22)
	at sun.reflect.NativeMethodAccessorImpl.invoke0(Native Method)
	at sun.reflect.NativeMethodAccessorImpl.invoke(NativeMethodAccessorImpl.java:62)
	at sun.reflect.DelegatingMethodAccessorImpl.invoke(DelegatingMethodAccessorImpl.java:43)
	at java.lang.reflect.Method.invoke(Method.java:498)
	at org.testng.internal.invokers.MethodInvocationHelper.invokeMethod(MethodInvocationHelper.java:135)
	at org.testng.internal.invokers.TestInvoker.invokeMethod(TestInvoker.java:673)
	at org.testng.internal.invokers.TestInvoker.invokeTestMethod(TestInvoker.java:220)
	at org.testng.internal.invokers.MethodRunner.runInSequence(MethodRunner.java:50)
	at org.testng.internal.invokers.TestInvoker$MethodInvocationAgent.invoke(TestInvoker.java:945)
	at org.testng.internal.invokers.TestInvoker.invokeTestMethods(TestInvoker.java:193)
	at org.testng.internal.invokers.TestMethodWorker.invokeTestMethods(TestMethodWorker.java:146)
	at org.testng.internal.invokers.TestMethodWorker.run(TestMethodWorker.java:128)
	at java.util.ArrayList.forEach(ArrayList.java:1259)
	at org.testng.TestRunner.privateRun(TestRunner.java:808)
	at org.testng.TestRunner.run(TestRunner.java:603)
	at org.testng.SuiteRunner.runTest(SuiteRunner.java:429)
	at org.testng.SuiteRunner.runSequentially(SuiteRunner.java:423)
	at org.testng.SuiteRunner.privateRun(SuiteRunner.java:383)
	at org.testng.SuiteRunner.run(SuiteRunner.java:326)
	at org.testng.SuiteRunnerWorker.runSuite(SuiteRunnerWorker.java:52)
	at org.testng.SuiteRunnerWorker.run(SuiteRunnerWorker.java:95)
	at org.testng.TestNG.runSuitesSequentially(TestNG.java:1249)
	at org.testng.TestNG.runSuitesLocally(TestNG.java:1169)
	at org.testng.TestNG.runSuites(TestNG.java:1092)
	at org.testng.TestNG.run(TestNG.java:1060)
	at org.apache.maven.surefire.testng.TestNGExecutor.run(TestNGExecutor.java:324)
	at org.apache.maven.surefire.testng.TestNGXmlTestSuite.execute(TestNGXmlTestSuite.java:74)
	at org.apache.maven.surefire.testng.TestNGProvider.invoke(TestNGProvider.java:123)
	at org.apache.maven.surefire.booter.ForkedBooter.runSuitesInProcess(ForkedBooter.java:456)
	at org.apache.maven.surefire.booter.ForkedBooter.execute(ForkedBooter.java:169)
	at org.apache.maven.surefire.booter.ForkedBooter.run(ForkedBooter.java:595)
	at org.apache.maven.surefire.booter.ForkedBooter.main(ForkedBooter.java:581)
]]></failure>
    <system-out><![CDATA[12:11:13.427 [main] INFO  in.amazon.nagpselenium.reporterLogging.Logging - Starting execution on RunOnChrome
12:11:13.470 [main] INFO  in.amazon.nagpselenium.reporterLogging.Logging - Opening Chrome browser.
12:11:43.181 [main] INFO  in.amazon.nagpselenium.reporterLogging.Logging - Execution started for test case: TC_ValidateHomePage
12:11:43.912 [main] INFO  in.amazon.nagpselenium.reporterLogging.Logging - Verifying amazon logo.
]]></system-out>
    <system-err><![CDATA[SLF4J: Failed to load class "org.slf4j.impl.StaticLoggerBinder".
SLF4J: Defaulting to no-operation (NOP) logger implementation
SLF4J: See http://www.slf4j.org/codes.html#StaticLoggerBinder for further details.
Starting ChromeDriver 102.0.5005.61 (0e59bcc00cc4985ce39ad31c150065f159d95ad3-refs/branch-heads/5005@{#819}) on port 57683
Only local connections are allowed.
Please see https://chromedriver.chromium.org/security-considerations for suggestions on keeping ChromeDriver safe.
ChromeDriver was started successfully.
Jun 14, 2022 12:11:25 PM org.openqa.selenium.remote.ProtocolHandshake createSession
INFO: Detected dialect: W3C
Jun 14, 2022 12:11:26 PM org.openqa.selenium.devtools.CdpVersionFinder findNearestMatch
WARNING: Unable to find an exact match for CDP version 102, so returning the closest version found: 101
Jun 14, 2022 12:11:26 PM org.openqa.selenium.devtools.CdpVersionFinder findNearestMatch
INFO: Found CDP implementation for version 102 of 101
]]></system-err>
  </testcase>
  <testcase name="TC_VeriyCustomerService" classname="in.amazon.nagpselenium.TestCases.Verify_Amazon_CommonFunctionalities" time="0.018">
    <failure message="no such element: Unable to locate element: {&quot;method&quot;:&quot;css selector&quot;,&quot;selector&quot;:&quot;#nav\-hamburger\-menu&quot;}&#10;  (Session info: chrome=102.0.5005.115)&#10;For documentation on this error, please visit: https://selenium.dev/exceptions/#no_such_element&#10;Build info: version: &apos;4.1.4&apos;, revision: &apos;535d840ee2&apos;&#10;System info: host: &apos;SAROJCHANDRA-01&apos;, ip: &apos;172.20.10.2&apos;, os.name: &apos;Windows 10&apos;, os.arch: &apos;amd64&apos;, os.version: &apos;10.0&apos;, java.version: &apos;1.8.0_281&apos;&#10;Driver info: org.openqa.selenium.chrome.ChromeDriver&#10;Command: [3402c080eb50e74da4106494c6f67475, findElement {using=id, value=nav-hamburger-menu}]&#10;Capabilities {acceptInsecureCerts: false, browserName: chrome, browserVersion: 102.0.5005.115, chrome: {chromedriverVersion: 102.0.5005.61 (0e59bcc00cc4..., userDataDir: C:\Users\SAROJC~1\AppData\L...}, goog:chromeOptions: {debuggerAddress: localhost:54238}, javascriptEnabled: true, networkConnectionEnabled: false, pageLoadStrategy: normal, platform: WINDOWS, platformName: WINDOWS, proxy: Proxy(), se:cdp: ws://localhost:54238/devtoo..., se:cdpVersion: 102.0.5005.115, setWindowRect: true, strictFileInteractability: false, timeouts: {implicit: 0, pageLoad: 300000, script: 30000}, unhandledPromptBehavior: dismiss and notify, webauthn:extension:credBlob: true, webauthn:extension:largeBlob: true, webauthn:virtualAuthenticators: true}&#10;Session ID: 3402c080eb50e74da4106494c6f67475" type="org.openqa.selenium.NoSuchElementException"><![CDATA[org.openqa.selenium.NoSuchElementException: 
no such element: Unable to locate element: {"method":"css selector","selector":"#nav\-hamburger\-menu"}
  (Session info: chrome=102.0.5005.115)
For documentation on this error, please visit: https://selenium.dev/exceptions/#no_such_element
Build info: version: '4.1.4', revision: '535d840ee2'
System info: host: 'SAROJCHANDRA-01', ip: '172.20.10.2', os.name: 'Windows 10', os.arch: 'amd64', os.version: '10.0', java.version: '1.8.0_281'
Driver info: org.openqa.selenium.chrome.ChromeDriver
Command: [3402c080eb50e74da4106494c6f67475, findElement {using=id, value=nav-hamburger-menu}]
Capabilities {acceptInsecureCerts: false, browserName: chrome, browserVersion: 102.0.5005.115, chrome: {chromedriverVersion: 102.0.5005.61 (0e59bcc00cc4..., userDataDir: C:\Users\SAROJC~1\AppData\L...}, goog:chromeOptions: {debuggerAddress: localhost:54238}, javascriptEnabled: true, networkConnectionEnabled: false, pageLoadStrategy: normal, platform: WINDOWS, platformName: WINDOWS, proxy: Proxy(), se:cdp: ws://localhost:54238/devtoo..., se:cdpVersion: 102.0.5005.115, setWindowRect: true, strictFileInteractability: false, timeouts: {implicit: 0, pageLoad: 300000, script: 30000}, unhandledPromptBehavior: dismiss and notify, webauthn:extension:credBlob: true, webauthn:extension:largeBlob: true, webauthn:virtualAuthenticators: true}
Session ID: 3402c080eb50e74da4106494c6f67475
	at sun.reflect.NativeConstructorAccessorImpl.newInstance0(Native Method)
	at sun.reflect.NativeConstructorAccessorImpl.newInstance(NativeConstructorAccessorImpl.java:62)
	at sun.reflect.DelegatingConstructorAccessorImpl.newInstance(DelegatingConstructorAccessorImpl.java:45)
	at java.lang.reflect.Constructor.newInstance(Constructor.java:423)
	at org.openqa.selenium.remote.codec.w3c.W3CHttpResponseCodec.createException(W3CHttpResponseCodec.java:200)
	at org.openqa.selenium.remote.codec.w3c.W3CHttpResponseCodec.decode(W3CHttpResponseCodec.java:133)
	at org.openqa.selenium.remote.codec.w3c.W3CHttpResponseCodec.decode(W3CHttpResponseCodec.java:53)
	at org.openqa.selenium.remote.HttpCommandExecutor.execute(HttpCommandExecutor.java:184)
	at org.openqa.selenium.remote.service.DriverCommandExecutor.invokeExecute(DriverCommandExecutor.java:167)
	at org.openqa.selenium.remote.service.DriverCommandExecutor.execute(DriverCommandExecutor.java:142)
	at org.openqa.selenium.remote.RemoteWebDriver.execute(RemoteWebDriver.java:567)
	at org.openqa.selenium.remote.ElementLocation$ElementFinder$2.findElement(ElementLocation.java:162)
	at org.openqa.selenium.remote.ElementLocation.findElement(ElementLocation.java:60)
	at org.openqa.selenium.remote.RemoteWebDriver.findElement(RemoteWebDriver.java:385)
	at org.openqa.selenium.remote.RemoteWebDriver.findElement(RemoteWebDriver.java:377)
	at org.openqa.selenium.support.pagefactory.DefaultElementLocator.findElement(DefaultElementLocator.java:70)
	at org.openqa.selenium.support.pagefactory.internal.LocatingElementHandler.invoke(LocatingElementHandler.java:39)
	at com.sun.proxy.$Proxy32.click(Unknown Source)
	at in.amazon.nagpselenium.pages.cutomerService.navigateToCustomerService(cutomerService.java:41)
	at in.amazon.nagpselenium.TestCases.Verify_Amazon_CommonFunctionalities.TC_VeriyCustomerService(Verify_Amazon_CommonFunctionalities.java:36)
	at sun.reflect.NativeMethodAccessorImpl.invoke0(Native Method)
	at sun.reflect.NativeMethodAccessorImpl.invoke(NativeMethodAccessorImpl.java:62)
	at sun.reflect.DelegatingMethodAccessorImpl.invoke(DelegatingMethodAccessorImpl.java:43)
	at java.lang.reflect.Method.invoke(Method.java:498)
	at org.testng.internal.invokers.MethodInvocationHelper.invokeMethod(MethodInvocationHelper.java:135)
	at org.testng.internal.invokers.TestInvoker.invokeMethod(TestInvoker.java:673)
	at org.testng.internal.invokers.TestInvoker.invokeTestMethod(TestInvoker.java:220)
	at org.testng.internal.invokers.MethodRunner.runInSequence(MethodRunner.java:50)
	at org.testng.internal.invokers.TestInvoker$MethodInvocationAgent.invoke(TestInvoker.java:945)
	at org.testng.internal.invokers.TestInvoker.invokeTestMethods(TestInvoker.java:193)
	at org.testng.internal.invokers.TestMethodWorker.invokeTestMethods(TestMethodWorker.java:146)
	at org.testng.internal.invokers.TestMethodWorker.run(TestMethodWorker.java:128)
	at java.util.ArrayList.forEach(ArrayList.java:1259)
	at org.testng.TestRunner.privateRun(TestRunner.java:808)
	at org.testng.TestRunner.run(TestRunner.java:603)
	at org.testng.SuiteRunner.runTest(SuiteRunner.java:429)
	at org.testng.SuiteRunner.runSequentially(SuiteRunner.java:423)
	at org.testng.SuiteRunner.privateRun(SuiteRunner.java:383)
	at org.testng.SuiteRunner.run(SuiteRunner.java:326)
	at org.testng.SuiteRunnerWorker.runSuite(SuiteRunnerWorker.java:52)
	at org.testng.SuiteRunnerWorker.run(SuiteRunnerWorker.java:95)
	at org.testng.TestNG.runSuitesSequentially(TestNG.java:1249)
	at org.testng.TestNG.runSuitesLocally(TestNG.java:1169)
	at org.testng.TestNG.runSuites(TestNG.java:1092)
	at org.testng.TestNG.run(TestNG.java:1060)
	at org.apache.maven.surefire.testng.TestNGExecutor.run(TestNGExecutor.java:324)
	at org.apache.maven.surefire.testng.TestNGXmlTestSuite.execute(TestNGXmlTestSuite.java:74)
	at org.apache.maven.surefire.testng.TestNGProvider.invoke(TestNGProvider.java:123)
	at org.apache.maven.surefire.booter.ForkedBooter.runSuitesInProcess(ForkedBooter.java:456)
	at org.apache.maven.surefire.booter.ForkedBooter.execute(ForkedBooter.java:169)
	at org.apache.maven.surefire.booter.ForkedBooter.run(ForkedBooter.java:595)
	at org.apache.maven.surefire.booter.ForkedBooter.main(ForkedBooter.java:581)
]]></failure>
    <system-out><![CDATA[12:11:44.013 [main] INFO  in.amazon.nagpselenium.reporterLogging.Logging - TC_ValidateHomePage is failed because of no such element: Unable to locate element: {"method":"css selector","selector":"#nav\-logo\-sprites"}
  (Session info: chrome=102.0.5005.115)
For documentation on this error, please visit: https://selenium.dev/exceptions/#no_such_element
Build info: version: '4.1.4', revision: '535d840ee2'
System info: host: 'SAROJCHANDRA-01', ip: '172.20.10.2', os.name: 'Windows 10', os.arch: 'amd64', os.version: '10.0', java.version: '1.8.0_281'
Driver info: org.openqa.selenium.chrome.ChromeDriver
Command: [3402c080eb50e74da4106494c6f67475, findElement {using=id, value=nav-logo-sprites}]
Capabilities {acceptInsecureCerts: false, browserName: chrome, browserVersion: 102.0.5005.115, chrome: {chromedriverVersion: 102.0.5005.61 (0e59bcc00cc4..., userDataDir: C:\Users\SAROJC~1\AppData\L...}, goog:chromeOptions: {debuggerAddress: localhost:54238}, javascriptEnabled: true, networkConnectionEnabled: false, pageLoadStrategy: normal, platform: WINDOWS, platformName: WINDOWS, proxy: Proxy(), se:cdp: ws://localhost:54238/devtoo..., se:cdpVersion: 102.0.5005.115, setWindowRect: true, strictFileInteractability: false, timeouts: {implicit: 0, pageLoad: 300000, script: 30000}, unhandledPromptBehavior: dismiss and notify, webauthn:extension:credBlob: true, webauthn:extension:largeBlob: true, webauthn:virtualAuthenticators: true}
Session ID: 3402c080eb50e74da4106494c6f67475
12:11:49.760 [main] INFO  in.amazon.nagpselenium.reporterLogging.Logging - Execution started for test case: TC_VeriyCustomerService
12:11:49.760 [main] INFO  in.amazon.nagpselenium.reporterLogging.Logging - Navigating to Cutomer Service page via All menu options.
]]></system-out>
  </testcase>
  <testcase name="TC_SetDeliveryTo_ZipCode_Location" classname="in.amazon.nagpselenium.TestCases.Verify_Amazon_CommonFunctionalities" time="0.031">
    <failure message="no such element: Unable to locate element: {&quot;method&quot;:&quot;css selector&quot;,&quot;selector&quot;:&quot;#nav\-global\-location\-popover\-link&quot;}&#10;  (Session info: chrome=102.0.5005.115)&#10;For documentation on this error, please visit: https://selenium.dev/exceptions/#no_such_element&#10;Build info: version: &apos;4.1.4&apos;, revision: &apos;535d840ee2&apos;&#10;System info: host: &apos;SAROJCHANDRA-01&apos;, ip: &apos;172.20.10.2&apos;, os.name: &apos;Windows 10&apos;, os.arch: &apos;amd64&apos;, os.version: &apos;10.0&apos;, java.version: &apos;1.8.0_281&apos;&#10;Driver info: org.openqa.selenium.chrome.ChromeDriver&#10;Command: [3402c080eb50e74da4106494c6f67475, findElement {using=id, value=nav-global-location-popover-link}]&#10;Capabilities {acceptInsecureCerts: false, browserName: chrome, browserVersion: 102.0.5005.115, chrome: {chromedriverVersion: 102.0.5005.61 (0e59bcc00cc4..., userDataDir: C:\Users\SAROJC~1\AppData\L...}, goog:chromeOptions: {debuggerAddress: localhost:54238}, javascriptEnabled: true, networkConnectionEnabled: false, pageLoadStrategy: normal, platform: WINDOWS, platformName: WINDOWS, proxy: Proxy(), se:cdp: ws://localhost:54238/devtoo..., se:cdpVersion: 102.0.5005.115, setWindowRect: true, strictFileInteractability: false, timeouts: {implicit: 0, pageLoad: 300000, script: 30000}, unhandledPromptBehavior: dismiss and notify, webauthn:extension:credBlob: true, webauthn:extension:largeBlob: true, webauthn:virtualAuthenticators: true}&#10;Session ID: 3402c080eb50e74da4106494c6f67475" type="org.openqa.selenium.NoSuchElementException"><![CDATA[org.openqa.selenium.NoSuchElementException: 
no such element: Unable to locate element: {"method":"css selector","selector":"#nav\-global\-location\-popover\-link"}
  (Session info: chrome=102.0.5005.115)
For documentation on this error, please visit: https://selenium.dev/exceptions/#no_such_element
Build info: version: '4.1.4', revision: '535d840ee2'
System info: host: 'SAROJCHANDRA-01', ip: '172.20.10.2', os.name: 'Windows 10', os.arch: 'amd64', os.version: '10.0', java.version: '1.8.0_281'
Driver info: org.openqa.selenium.chrome.ChromeDriver
Command: [3402c080eb50e74da4106494c6f67475, findElement {using=id, value=nav-global-location-popover-link}]
Capabilities {acceptInsecureCerts: false, browserName: chrome, browserVersion: 102.0.5005.115, chrome: {chromedriverVersion: 102.0.5005.61 (0e59bcc00cc4..., userDataDir: C:\Users\SAROJC~1\AppData\L...}, goog:chromeOptions: {debuggerAddress: localhost:54238}, javascriptEnabled: true, networkConnectionEnabled: false, pageLoadStrategy: normal, platform: WINDOWS, platformName: WINDOWS, proxy: Proxy(), se:cdp: ws://localhost:54238/devtoo..., se:cdpVersion: 102.0.5005.115, setWindowRect: true, strictFileInteractability: false, timeouts: {implicit: 0, pageLoad: 300000, script: 30000}, unhandledPromptBehavior: dismiss and notify, webauthn:extension:credBlob: true, webauthn:extension:largeBlob: true, webauthn:virtualAuthenticators: true}
Session ID: 3402c080eb50e74da4106494c6f67475
	at sun.reflect.NativeConstructorAccessorImpl.newInstance0(Native Method)
	at sun.reflect.NativeConstructorAccessorImpl.newInstance(NativeConstructorAccessorImpl.java:62)
	at sun.reflect.DelegatingConstructorAccessorImpl.newInstance(DelegatingConstructorAccessorImpl.java:45)
	at java.lang.reflect.Constructor.newInstance(Constructor.java:423)
	at org.openqa.selenium.remote.codec.w3c.W3CHttpResponseCodec.createException(W3CHttpResponseCodec.java:200)
	at org.openqa.selenium.remote.codec.w3c.W3CHttpResponseCodec.decode(W3CHttpResponseCodec.java:133)
	at org.openqa.selenium.remote.codec.w3c.W3CHttpResponseCodec.decode(W3CHttpResponseCodec.java:53)
	at org.openqa.selenium.remote.HttpCommandExecutor.execute(HttpCommandExecutor.java:184)
	at org.openqa.selenium.remote.service.DriverCommandExecutor.invokeExecute(DriverCommandExecutor.java:167)
	at org.openqa.selenium.remote.service.DriverCommandExecutor.execute(DriverCommandExecutor.java:142)
	at org.openqa.selenium.remote.RemoteWebDriver.execute(RemoteWebDriver.java:567)
	at org.openqa.selenium.remote.ElementLocation$ElementFinder$2.findElement(ElementLocation.java:162)
	at org.openqa.selenium.remote.ElementLocation.findElement(ElementLocation.java:60)
	at org.openqa.selenium.remote.RemoteWebDriver.findElement(RemoteWebDriver.java:385)
	at org.openqa.selenium.remote.RemoteWebDriver.findElement(RemoteWebDriver.java:377)
	at org.openqa.selenium.support.pagefactory.DefaultElementLocator.findElement(DefaultElementLocator.java:70)
	at org.openqa.selenium.support.pagefactory.internal.LocatingElementHandler.invoke(LocatingElementHandler.java:39)
	at com.sun.proxy.$Proxy32.click(Unknown Source)
	at in.amazon.nagpselenium.pages.deliveryAddress.setDeliveryZipCode(deliveryAddress.java:44)
	at in.amazon.nagpselenium.TestCases.Verify_Amazon_CommonFunctionalities.TC_SetDeliveryTo_ZipCode_Location(Verify_Amazon_CommonFunctionalities.java:42)
	at sun.reflect.NativeMethodAccessorImpl.invoke0(Native Method)
	at sun.reflect.NativeMethodAccessorImpl.invoke(NativeMethodAccessorImpl.java:62)
	at sun.reflect.DelegatingMethodAccessorImpl.invoke(DelegatingMethodAccessorImpl.java:43)
	at java.lang.reflect.Method.invoke(Method.java:498)
	at org.testng.internal.invokers.MethodInvocationHelper.invokeMethod(MethodInvocationHelper.java:135)
	at org.testng.internal.invokers.TestInvoker.invokeMethod(TestInvoker.java:673)
	at org.testng.internal.invokers.TestInvoker.invokeTestMethod(TestInvoker.java:220)
	at org.testng.internal.invokers.MethodRunner.runInSequence(MethodRunner.java:50)
	at org.testng.internal.invokers.TestInvoker$MethodInvocationAgent.invoke(TestInvoker.java:945)
	at org.testng.internal.invokers.TestInvoker.invokeTestMethods(TestInvoker.java:193)
	at org.testng.internal.invokers.TestMethodWorker.invokeTestMethods(TestMethodWorker.java:146)
	at org.testng.internal.invokers.TestMethodWorker.run(TestMethodWorker.java:128)
	at java.util.ArrayList.forEach(ArrayList.java:1259)
	at org.testng.TestRunner.privateRun(TestRunner.java:808)
	at org.testng.TestRunner.run(TestRunner.java:603)
	at org.testng.SuiteRunner.runTest(SuiteRunner.java:429)
	at org.testng.SuiteRunner.runSequentially(SuiteRunner.java:423)
	at org.testng.SuiteRunner.privateRun(SuiteRunner.java:383)
	at org.testng.SuiteRunner.run(SuiteRunner.java:326)
	at org.testng.SuiteRunnerWorker.runSuite(SuiteRunnerWorker.java:52)
	at org.testng.SuiteRunnerWorker.run(SuiteRunnerWorker.java:95)
	at org.testng.TestNG.runSuitesSequentially(TestNG.java:1249)
	at org.testng.TestNG.runSuitesLocally(TestNG.java:1169)
	at org.testng.TestNG.runSuites(TestNG.java:1092)
	at org.testng.TestNG.run(TestNG.java:1060)
	at org.apache.maven.surefire.testng.TestNGExecutor.run(TestNGExecutor.java:324)
	at org.apache.maven.surefire.testng.TestNGXmlTestSuite.execute(TestNGXmlTestSuite.java:74)
	at org.apache.maven.surefire.testng.TestNGProvider.invoke(TestNGProvider.java:123)
	at org.apache.maven.surefire.booter.ForkedBooter.runSuitesInProcess(ForkedBooter.java:456)
	at org.apache.maven.surefire.booter.ForkedBooter.execute(ForkedBooter.java:169)
	at org.apache.maven.surefire.booter.ForkedBooter.run(ForkedBooter.java:595)
	at org.apache.maven.surefire.booter.ForkedBooter.main(ForkedBooter.java:581)
]]></failure>
    <system-out><![CDATA[12:11:49.779 [main] INFO  in.amazon.nagpselenium.reporterLogging.Logging - TC_VeriyCustomerService is failed because of no such element: Unable to locate element: {"method":"css selector","selector":"#nav\-hamburger\-menu"}
  (Session info: chrome=102.0.5005.115)
For documentation on this error, please visit: https://selenium.dev/exceptions/#no_such_element
Build info: version: '4.1.4', revision: '535d840ee2'
System info: host: 'SAROJCHANDRA-01', ip: '172.20.10.2', os.name: 'Windows 10', os.arch: 'amd64', os.version: '10.0', java.version: '1.8.0_281'
Driver info: org.openqa.selenium.chrome.ChromeDriver
Command: [3402c080eb50e74da4106494c6f67475, findElement {using=id, value=nav-hamburger-menu}]
Capabilities {acceptInsecureCerts: false, browserName: chrome, browserVersion: 102.0.5005.115, chrome: {chromedriverVersion: 102.0.5005.61 (0e59bcc00cc4..., userDataDir: C:\Users\SAROJC~1\AppData\L...}, goog:chromeOptions: {debuggerAddress: localhost:54238}, javascriptEnabled: true, networkConnectionEnabled: false, pageLoadStrategy: normal, platform: WINDOWS, platformName: WINDOWS, proxy: Proxy(), se:cdp: ws://localhost:54238/devtoo..., se:cdpVersion: 102.0.5005.115, setWindowRect: true, strictFileInteractability: false, timeouts: {implicit: 0, pageLoad: 300000, script: 30000}, unhandledPromptBehavior: dismiss and notify, webauthn:extension:credBlob: true, webauthn:extension:largeBlob: true, webauthn:virtualAuthenticators: true}
Session ID: 3402c080eb50e74da4106494c6f67475
12:11:53.436 [main] INFO  in.amazon.nagpselenium.reporterLogging.Logging - Execution started for test case: TC_SetDeliveryTo_ZipCode_Location
12:11:53.438 [main] INFO  in.amazon.nagpselenium.reporterLogging.Logging - Updating/Changing delivery location zip/postal code
]]></system-out>
  </testcase>
  <testcase name="TC_Login" classname="in.amazon.nagpselenium.TestCases.Validate_CreateAccountForMultipleUser_AmazonSignIn" time="14.05">
    <system-out><![CDATA[12:11:53.469 [main] INFO  in.amazon.nagpselenium.reporterLogging.Logging - TC_SetDeliveryTo_ZipCode_Location is failed because of no such element: Unable to locate element: {"method":"css selector","selector":"#nav\-global\-location\-popover\-link"}
  (Session info: chrome=102.0.5005.115)
For documentation on this error, please visit: https://selenium.dev/exceptions/#no_such_element
Build info: version: '4.1.4', revision: '535d840ee2'
System info: host: 'SAROJCHANDRA-01', ip: '172.20.10.2', os.name: 'Windows 10', os.arch: 'amd64', os.version: '10.0', java.version: '1.8.0_281'
Driver info: org.openqa.selenium.chrome.ChromeDriver
Command: [3402c080eb50e74da4106494c6f67475, findElement {using=id, value=nav-global-location-popover-link}]
Capabilities {acceptInsecureCerts: false, browserName: chrome, browserVersion: 102.0.5005.115, chrome: {chromedriverVersion: 102.0.5005.61 (0e59bcc00cc4..., userDataDir: C:\Users\SAROJC~1\AppData\L...}, goog:chromeOptions: {debuggerAddress: localhost:54238}, javascriptEnabled: true, networkConnectionEnabled: false, pageLoadStrategy: normal, platform: WINDOWS, platformName: WINDOWS, proxy: Proxy(), se:cdp: ws://localhost:54238/devtoo..., se:cdpVersion: 102.0.5005.115, setWindowRect: true, strictFileInteractability: false, timeouts: {implicit: 0, pageLoad: 300000, script: 30000}, unhandledPromptBehavior: dismiss and notify, webauthn:extension:credBlob: true, webauthn:extension:largeBlob: true, webauthn:virtualAuthenticators: true}
Session ID: 3402c080eb50e74da4106494c6f67475
12:12:14.747 [main] INFO  in.amazon.nagpselenium.reporterLogging.Logging - Execution started for test case: TC_Login
12:12:17.314 [main] INFO  in.amazon.nagpselenium.reporterLogging.Logging - Entering email id.
12:12:22.303 [main] INFO  in.amazon.nagpselenium.reporterLogging.Logging - Enetering password.
12:12:22.700 [main] INFO  in.amazon.nagpselenium.reporterLogging.Logging - Submit signin credential.
12:12:22.893 [main] INFO  in.amazon.nagpselenium.reporterLogging.Logging - Verying alert/warning message box for wrong password.
12:12:26.983 [main] INFO  in.amazon.nagpselenium.reporterLogging.Logging - Navigating back to home page from signIn page.
]]></system-out>
  </testcase>
  <testcase name="TC_CreateNewAccount[Saroj, sarojkumar@test.com, 9952575909, testtest_2](1)" classname="in.amazon.nagpselenium.TestCases.Validate_CreateAccountForMultipleUser_AmazonSignIn" time="8.9">
    <system-out><![CDATA[12:12:28.800 [main] INFO  in.amazon.nagpselenium.reporterLogging.Logging - Test case: TC_Login execution is succeed.
12:12:30.114 [main] INFO  in.amazon.nagpselenium.reporterLogging.Logging - Execution started for test case: TC_CreateNewAccount
12:12:30.115 [main] INFO  in.amazon.nagpselenium.reporterLogging.Logging - Navigating to create account page.
12:12:33.122 [main] INFO  in.amazon.nagpselenium.reporterLogging.Logging - Enter name: Saroj
12:12:33.271 [main] INFO  in.amazon.nagpselenium.reporterLogging.Logging - Enter email id: sarojkumar@test.com
12:12:33.553 [main] INFO  in.amazon.nagpselenium.reporterLogging.Logging - Enter password.
12:12:33.928 [main] INFO  in.amazon.nagpselenium.reporterLogging.Logging - Enter Mobile number: 9952575909
12:12:37.348 [main] INFO  in.amazon.nagpselenium.reporterLogging.Logging - Verifying page title in case of mobile required field.
12:12:37.385 [main] INFO  in.amazon.nagpselenium.reporterLogging.Logging - Navigating to home page from sign-up page.
]]></system-out>
  </testcase>
  <testcase name="TC_CreateNewAccount[Ankita, Ankitatest@test.com, 9952575907, testtest_3](2)" classname="in.amazon.nagpselenium.TestCases.Validate_CreateAccountForMultipleUser_AmazonSignIn" time="8.308">
    <system-out><![CDATA[12:12:39.015 [main] INFO  in.amazon.nagpselenium.reporterLogging.Logging - Test case: TC_CreateNewAccount execution is succeed.
12:12:39.019 [main] INFO  in.amazon.nagpselenium.reporterLogging.Logging - Execution started for test case: TC_CreateNewAccount
12:12:39.020 [main] INFO  in.amazon.nagpselenium.reporterLogging.Logging - Navigating to create account page.
12:12:41.637 [main] INFO  in.amazon.nagpselenium.reporterLogging.Logging - Enter name: Ankita
12:12:41.902 [main] INFO  in.amazon.nagpselenium.reporterLogging.Logging - Enter email id: Ankitatest@test.com
12:12:42.431 [main] INFO  in.amazon.nagpselenium.reporterLogging.Logging - Enter password.
12:12:42.932 [main] INFO  in.amazon.nagpselenium.reporterLogging.Logging - Enter Mobile number: 9952575907
12:12:44.538 [main] INFO  in.amazon.nagpselenium.reporterLogging.Logging - Verifying page title in case of mobile required field.
12:12:44.563 [main] INFO  in.amazon.nagpselenium.reporterLogging.Logging - Navigating to home page from sign-up page.
]]></system-out>
  </testcase>
  <testcase name="TC_CreateNewAccount[Abhay, Abhayjkumar@test.com, 9952575906, testtest_4](3)" classname="in.amazon.nagpselenium.TestCases.Validate_CreateAccountForMultipleUser_AmazonSignIn" time="8.552">
    <system-out><![CDATA[12:12:47.334 [main] INFO  in.amazon.nagpselenium.reporterLogging.Logging - Test case: TC_CreateNewAccount execution is succeed.
12:12:47.350 [main] INFO  in.amazon.nagpselenium.reporterLogging.Logging - Execution started for test case: TC_CreateNewAccount
12:12:47.353 [main] INFO  in.amazon.nagpselenium.reporterLogging.Logging - Navigating to create account page.
12:12:49.563 [main] INFO  in.amazon.nagpselenium.reporterLogging.Logging - Enter name: Abhay
12:12:49.834 [main] INFO  in.amazon.nagpselenium.reporterLogging.Logging - Enter email id: Abhayjkumar@test.com
12:12:50.284 [main] INFO  in.amazon.nagpselenium.reporterLogging.Logging - Enter password.
12:12:50.821 [main] INFO  in.amazon.nagpselenium.reporterLogging.Logging - Enter Mobile number: 9952575906
12:12:53.187 [main] INFO  in.amazon.nagpselenium.reporterLogging.Logging - Verifying page title in case of mobile required field.
12:12:53.200 [main] INFO  in.amazon.nagpselenium.reporterLogging.Logging - Navigating to home page from sign-up page.
]]></system-out>
  </testcase>
  <testcase name="TC_CreateNewAccount[Deeksha, deelshatest@test.com, 9952575905, testtest_5](4)" classname="in.amazon.nagpselenium.TestCases.Validate_CreateAccountForMultipleUser_AmazonSignIn" time="8.188">
    <system-out><![CDATA[12:12:55.918 [main] INFO  in.amazon.nagpselenium.reporterLogging.Logging - Test case: TC_CreateNewAccount execution is succeed.
12:12:55.932 [main] INFO  in.amazon.nagpselenium.reporterLogging.Logging - Execution started for test case: TC_CreateNewAccount
12:12:55.932 [main] INFO  in.amazon.nagpselenium.reporterLogging.Logging - Navigating to create account page.
12:12:58.493 [main] INFO  in.amazon.nagpselenium.reporterLogging.Logging - Enter name: Deeksha
12:12:58.630 [main] INFO  in.amazon.nagpselenium.reporterLogging.Logging - Enter email id: deelshatest@test.com
12:12:59.125 [main] INFO  in.amazon.nagpselenium.reporterLogging.Logging - Enter password.
12:12:59.682 [main] INFO  in.amazon.nagpselenium.reporterLogging.Logging - Enter Mobile number: 9952575905
12:13:01.377 [main] INFO  in.amazon.nagpselenium.reporterLogging.Logging - Verifying page title in case of mobile required field.
12:13:01.389 [main] INFO  in.amazon.nagpselenium.reporterLogging.Logging - Navigating to home page from sign-up page.
]]></system-out>
  </testcase>
  <testcase name="TC_VerifyPrimeMembership" classname="in.amazon.nagpselenium.TestCases.Verify_AmazonPrime" time="90.608">
    <failure message="Expected condition failed: waiting for visibility of Proxy element for: DefaultElementLocator &apos;By.id: nav-link-prime&apos; (tried for 60 second(s) with 500 milliseconds interval)" type="org.openqa.selenium.TimeoutException"><![CDATA[org.openqa.selenium.TimeoutException: Expected condition failed: waiting for visibility of Proxy element for: DefaultElementLocator 'By.id: nav-link-prime' (tried for 60 second(s) with 500 milliseconds interval)
	at org.openqa.selenium.support.ui.WebDriverWait.timeoutException(WebDriverWait.java:87)
	at org.openqa.selenium.support.ui.FluentWait.until(FluentWait.java:231)
	at in.amazon.nagpselenium.common.util.Base.Wait(Base.java:116)
	at in.amazon.nagpselenium.pages.prime.verifyPrimeMembershipPage(prime.java:45)
	at in.amazon.nagpselenium.TestCases.Verify_AmazonPrime.TC_VerifyPrimeMembership(Verify_AmazonPrime.java:20)
	at sun.reflect.NativeMethodAccessorImpl.invoke0(Native Method)
	at sun.reflect.NativeMethodAccessorImpl.invoke(NativeMethodAccessorImpl.java:62)
	at sun.reflect.DelegatingMethodAccessorImpl.invoke(DelegatingMethodAccessorImpl.java:43)
	at java.lang.reflect.Method.invoke(Method.java:498)
	at org.testng.internal.invokers.MethodInvocationHelper.invokeMethod(MethodInvocationHelper.java:135)
	at org.testng.internal.invokers.TestInvoker.invokeMethod(TestInvoker.java:673)
	at org.testng.internal.invokers.TestInvoker.invokeTestMethod(TestInvoker.java:220)
	at org.testng.internal.invokers.MethodRunner.runInSequence(MethodRunner.java:50)
	at org.testng.internal.invokers.TestInvoker$MethodInvocationAgent.invoke(TestInvoker.java:945)
	at org.testng.internal.invokers.TestInvoker.invokeTestMethods(TestInvoker.java:193)
	at org.testng.internal.invokers.TestMethodWorker.invokeTestMethods(TestMethodWorker.java:146)
	at org.testng.internal.invokers.TestMethodWorker.run(TestMethodWorker.java:128)
	at java.util.ArrayList.forEach(ArrayList.java:1259)
	at org.testng.TestRunner.privateRun(TestRunner.java:808)
	at org.testng.TestRunner.run(TestRunner.java:603)
	at org.testng.SuiteRunner.runTest(SuiteRunner.java:429)
	at org.testng.SuiteRunner.runSequentially(SuiteRunner.java:423)
	at org.testng.SuiteRunner.privateRun(SuiteRunner.java:383)
	at org.testng.SuiteRunner.run(SuiteRunner.java:326)
	at org.testng.SuiteRunnerWorker.runSuite(SuiteRunnerWorker.java:52)
	at org.testng.SuiteRunnerWorker.run(SuiteRunnerWorker.java:95)
	at org.testng.TestNG.runSuitesSequentially(TestNG.java:1249)
	at org.testng.TestNG.runSuitesLocally(TestNG.java:1169)
	at org.testng.TestNG.runSuites(TestNG.java:1092)
	at org.testng.TestNG.run(TestNG.java:1060)
	at org.apache.maven.surefire.testng.TestNGExecutor.run(TestNGExecutor.java:324)
	at org.apache.maven.surefire.testng.TestNGXmlTestSuite.execute(TestNGXmlTestSuite.java:74)
	at org.apache.maven.surefire.testng.TestNGProvider.invoke(TestNGProvider.java:123)
	at org.apache.maven.surefire.booter.ForkedBooter.runSuitesInProcess(ForkedBooter.java:456)
	at org.apache.maven.surefire.booter.ForkedBooter.execute(ForkedBooter.java:169)
	at org.apache.maven.surefire.booter.ForkedBooter.run(ForkedBooter.java:595)
	at org.apache.maven.surefire.booter.ForkedBooter.main(ForkedBooter.java:581)
Caused by: org.openqa.selenium.NoSuchElementException: no such element: Unable to locate element: {"method":"css selector","selector":"#nav\-link\-prime"}
  (Session info: chrome=102.0.5005.115)
For documentation on this error, please visit: https://selenium.dev/exceptions/#no_such_element
Build info: version: '4.1.4', revision: '535d840ee2'
System info: host: 'SAROJCHANDRA-01', ip: '172.20.10.2', os.name: 'Windows 10', os.arch: 'amd64', os.version: '10.0', java.version: '1.8.0_281'
Driver info: org.openqa.selenium.chrome.ChromeDriver
Command: [3402c080eb50e74da4106494c6f67475, findElement {using=id, value=nav-link-prime}]
Capabilities {acceptInsecureCerts: false, browserName: chrome, browserVersion: 102.0.5005.115, chrome: {chromedriverVersion: 102.0.5005.61 (0e59bcc00cc4..., userDataDir: C:\Users\SAROJC~1\AppData\L...}, goog:chromeOptions: {debuggerAddress: localhost:54238}, javascriptEnabled: true, networkConnectionEnabled: false, pageLoadStrategy: normal, platform: WINDOWS, platformName: WINDOWS, proxy: Proxy(), se:cdp: ws://localhost:54238/devtoo..., se:cdpVersion: 102.0.5005.115, setWindowRect: true, strictFileInteractability: false, timeouts: {implicit: 0, pageLoad: 300000, script: 30000}, unhandledPromptBehavior: dismiss and notify, webauthn:extension:credBlob: true, webauthn:extension:largeBlob: true, webauthn:virtualAuthenticators: true}
Session ID: 3402c080eb50e74da4106494c6f67475
	at sun.reflect.NativeConstructorAccessorImpl.newInstance0(Native Method)
	at sun.reflect.NativeConstructorAccessorImpl.newInstance(NativeConstructorAccessorImpl.java:62)
	at sun.reflect.DelegatingConstructorAccessorImpl.newInstance(DelegatingConstructorAccessorImpl.java:45)
	at java.lang.reflect.Constructor.newInstance(Constructor.java:423)
	at org.openqa.selenium.remote.codec.w3c.W3CHttpResponseCodec.createException(W3CHttpResponseCodec.java:200)
	at org.openqa.selenium.remote.codec.w3c.W3CHttpResponseCodec.decode(W3CHttpResponseCodec.java:133)
	at org.openqa.selenium.remote.codec.w3c.W3CHttpResponseCodec.decode(W3CHttpResponseCodec.java:53)
	at org.openqa.selenium.remote.HttpCommandExecutor.execute(HttpCommandExecutor.java:184)
	at org.openqa.selenium.remote.service.DriverCommandExecutor.invokeExecute(DriverCommandExecutor.java:167)
	at org.openqa.selenium.remote.service.DriverCommandExecutor.execute(DriverCommandExecutor.java:142)
	at org.openqa.selenium.remote.RemoteWebDriver.execute(RemoteWebDriver.java:567)
	at org.openqa.selenium.remote.ElementLocation$ElementFinder$2.findElement(ElementLocation.java:162)
	at org.openqa.selenium.remote.ElementLocation.findElement(ElementLocation.java:60)
	at org.openqa.selenium.remote.RemoteWebDriver.findElement(RemoteWebDriver.java:385)
	at org.openqa.selenium.remote.RemoteWebDriver.findElement(RemoteWebDriver.java:377)
	at org.openqa.selenium.support.pagefactory.DefaultElementLocator.findElement(DefaultElementLocator.java:70)
	at org.openqa.selenium.support.pagefactory.internal.LocatingElementHandler.invoke(LocatingElementHandler.java:39)
	at com.sun.proxy.$Proxy32.isDisplayed(Unknown Source)
	at org.openqa.selenium.support.ui.ExpectedConditions.elementIfVisible(ExpectedConditions.java:307)
	at org.openqa.selenium.support.ui.ExpectedConditions.access$000(ExpectedConditions.java:40)
	at org.openqa.selenium.support.ui.ExpectedConditions$10.apply(ExpectedConditions.java:293)
	at org.openqa.selenium.support.ui.ExpectedConditions$10.apply(ExpectedConditions.java:290)
	at org.openqa.selenium.support.ui.FluentWait.until(FluentWait.java:208)
	... 35 more
]]></failure>
    <system-out><![CDATA[12:13:04.144 [main] INFO  in.amazon.nagpselenium.reporterLogging.Logging - Test case: TC_CreateNewAccount execution is succeed.
12:13:06.395 [main] INFO  in.amazon.nagpselenium.reporterLogging.Logging - Execution started for test case: TC_VerifyPrimeMembership
]]></system-out>
  </testcase>
  <testcase name="TC_SearchAndAddToCart[public void in.amazon.nagpselenium.TestCases.Validate_AmazonCart.TC_SearchAndAddToCart(java.lang.reflect.Method) throws java.io.IOException](1)" classname="in.amazon.nagpselenium.TestCases.Validate_AmazonCart" time="21.667">
    <system-out><![CDATA[12:14:37.006 [main] INFO  in.amazon.nagpselenium.reporterLogging.Logging - TC_VerifyPrimeMembership is failed because of Expected condition failed: waiting for visibility of Proxy element for: DefaultElementLocator 'By.id: nav-link-prime' (tried for 60 second(s) with 500 milliseconds interval)
12:14:40.466 [main] INFO  in.amazon.nagpselenium.reporterLogging.Logging - Execution started for test case: TC_SearchAndAddToCart
12:14:40.467 [main] INFO  in.amazon.nagpselenium.reporterLogging.Logging - Searching iteams.
12:14:40.469 [main] INFO  in.amazon.nagpselenium.reporterLogging.Logging - Searching item using search box.
12:14:48.315 [main] INFO  in.amazon.nagpselenium.reporterLogging.Logging - Adding searched iteam to cart.
12:14:48.316 [main] INFO  in.amazon.nagpselenium.reporterLogging.Logging - Opening first search iteam.
12:14:49.293 [main] INFO  in.amazon.nagpselenium.reporterLogging.Logging - Adding search and selected iteam to cart to buy.
]]></system-out>
  </testcase>
  <testcase name="TC_VerifyCart[public void in.amazon.nagpselenium.TestCases.Validate_AmazonCart.TC_VerifyCart(java.lang.reflect.Method) throws java.lang.NumberFormatException,java.io.IOException](1)" classname="in.amazon.nagpselenium.TestCases.Validate_AmazonCart" time="8.719">
    <system-out><![CDATA[12:15:02.134 [main] INFO  in.amazon.nagpselenium.reporterLogging.Logging - Test case: TC_SearchAndAddToCart execution is succeed.
12:15:02.150 [main] INFO  in.amazon.nagpselenium.reporterLogging.Logging - Execution started for test case: TC_VerifyCart
12:15:02.153 [main] INFO  in.amazon.nagpselenium.reporterLogging.Logging - Refreshing page to updated cart list.
12:15:02.192 [main] INFO  in.amazon.nagpselenium.reporterLogging.Logging - Verifying cart counts.
12:15:05.401 [main] INFO  in.amazon.nagpselenium.reporterLogging.Logging - Verifying cart counts on cart page.
]]></system-out>
  </testcase>
</testsuite>